<?xml version="1.0" encoding="UTF-8"?>
<!-- Generated by org.testng.reporters.JUnitReportReporter -->
<testsuite hostname="Maverick" failures="0" tests="1" name="ecommerce.EcommerceMobileBrowserTest.ecommerceMobileBrowser_tc1" time="9.127" errors="0" timestamp="2023-11-21T18:46:49 IST" skipped="0">
  <testcase classname="ecommerce.EcommerceMobileBrowserTest.ecommerceMobileBrowser_tc1" name="browserTest" time="9.127"/>
</testsuite> <!-- ecommerce.EcommerceMobileBrowserTest.ecommerceMobileBrowser_tc1 -->
