<?xml version="1.0" encoding="UTF-8"?>
<!-- Generated by org.testng.reporters.JUnitReportReporter -->
<testsuite hostname="Maverick" failures="0" tests="1" name="Appium.AppiumDemo.SwipeDemoTest" time="7.709" errors="0" timestamp="2023-11-19T10:53:34 IST" skipped="0">
  <testcase classname="Appium.AppiumDemo.SwipeDemoTest" name="swipeDemoTest" time="7.709"/>
</testsuite> <!-- Appium.AppiumDemo.SwipeDemoTest -->
