<?xml version="1.0" encoding="UTF-8"?>
<!-- Generated by org.testng.reporters.JUnitReportReporter -->
<testsuite hostname="Maverick" failures="0" tests="1" name="ecommerce.EcommerceTest.ecommerce_tc1" time="22.048" errors="0" timestamp="2023-11-20T16:12:46 IST" skipped="0">
  <testcase classname="ecommerce.EcommerceTest.ecommerce_tc1" name="fillForm" time="22.048"/>
</testsuite> <!-- ecommerce.EcommerceTest.ecommerce_tc1 -->
