<?xml version="1.0" encoding="UTF-8"?>
<!-- Generated by org.testng.reporters.JUnitReportReporter -->
<testsuite hostname="Maverick" failures="0" tests="1" name="Appium.AppiumDemo.LongPress" time="8.014" errors="0" timestamp="2023-11-19T09:27:50 IST" skipped="0">
  <testcase classname="Appium.AppiumDemo.LongPress" name="WifiSettingsName" time="8.014"/>
</testsuite> <!-- Appium.AppiumDemo.LongPress -->
