<?xml version="1.0" encoding="UTF-8"?>
<!-- Generated by org.testng.reporters.JUnitReportReporter -->
<testsuite hostname="Maverick" failures="0" tests="1" name="Appium.AppiumDemo.MiscellenousDemo" time="13.777" errors="0" timestamp="2023-11-19T15:19:59 IST" skipped="0">
  <testcase classname="Appium.AppiumDemo.MiscellenousDemo" name="miscellenousDemo" time="13.777"/>
</testsuite> <!-- Appium.AppiumDemo.MiscellenousDemo -->
