<?xml version="1.0" encoding="UTF-8"?>
<!-- Generated by org.testng.reporters.JUnitReportReporter -->
<testsuite hostname="Maverick" failures="0" tests="1" name="Appium.AppiumDemo.DragDropDemo" time="7.747" errors="0" timestamp="2023-11-19T14:06:38 IST" skipped="0">
  <testcase classname="Appium.AppiumDemo.DragDropDemo" name="dragDropDemo" time="7.747"/>
</testsuite> <!-- Appium.AppiumDemo.DragDropDemo -->
