<?xml version="1.0" encoding="UTF-8"?>
<!-- Generated by org.testng.reporters.JUnitReportReporter -->
<testsuite hostname="Maverick" failures="0" tests="1" name="Appium.AppiumDemo.ScrollDemoTest" time="3.996" errors="0" timestamp="2023-11-19T10:07:42 IST" skipped="0">
  <testcase classname="Appium.AppiumDemo.ScrollDemoTest" name="WifiSettingsName" time="3.996"/>
</testsuite> <!-- Appium.AppiumDemo.ScrollDemoTest -->
