<?xml version="1.0" encoding="UTF-8"?>
<!-- Generated by org.testng.reporters.JUnitReportReporter -->
<testsuite hostname="Maverick" failures="0" tests="1" name="Appium.AppiumDemo.WifiSettingsName" time="7.875" errors="0" timestamp="2023-11-19T08:39:07 IST" skipped="0">
  <testcase classname="Appium.AppiumDemo.WifiSettingsName" name="WifiSettingsName" time="7.875"/>
</testsuite> <!-- Appium.AppiumDemo.WifiSettingsName -->
