<?xml version="1.0" encoding="UTF-8"?>
<!-- Generated by org.testng.reporters.JUnitReportReporter -->
<testsuite hostname="Maverick" failures="0" tests="1" name="ecommerce.EcommerceTest.ecommerce_tc3" time="44.575" errors="0" timestamp="2023-11-21T18:00:34 IST" skipped="0">
  <testcase classname="ecommerce.EcommerceTest.ecommerce_tc3" name="fillForm" time="44.575"/>
</testsuite> <!-- ecommerce.EcommerceTest.ecommerce_tc3 -->
