<?xml version="1.0" encoding="UTF-8"?>
<!-- Generated by org.testng.reporters.JUnitReportReporter -->
<testsuite hostname="Maverick" failures="0" tests="1" name="Appium.AppiumDemo.AppiumBasics" time="8.476" errors="0" timestamp="2023-11-18T16:33:21 IST" skipped="0">
  <testcase classname="Appium.AppiumDemo.AppiumBasics" name="AppiumTest" time="8.476"/>
</testsuite> <!-- Appium.AppiumDemo.AppiumBasics -->
